#
# There is insufficient memory for the Java Runtime Environment to continue.
# Native memory allocation (mmap) failed to map 65536 bytes for Failed to commit metaspace.
# Possible reasons:
#   The system is out of physical RAM or swap space
#   The process is running with CompressedOops enabled, and the Java Heap may be blocking the growth of the native heap
# Possible solutions:
#   Reduce memory load on the system
#   Increase physical memory or swap space
#   Check if swap backing store is full
#   Decrease Java heap size (-Xmx/-Xms)
#   Decrease number of Java threads
#   Decrease Java thread stack sizes (-Xss)
#   Set larger code cache with -XX:ReservedCodeCacheSize=
#   JVM is running with Unscaled Compressed Oops mode in which the Java heap is
#     placed in the first 4GB address space. The Java Heap base address is the
#     maximum limit for the native heap growth. Please use -XX:HeapBaseMinAddress
#     to set the Java Heap base and to place the Java Heap above 4GB virtual address.
# This output file may be truncated or incomplete.
#
#  Out of Memory Error (virtualSpaceNode.cpp:110), pid=23440, tid=8492
#
# JRE version: OpenJDK Runtime Environment Temurin-17.0.2+8 (17.0.2+8) (build 17.0.2+8)
# Java VM: OpenJDK 64-Bit Server VM Temurin-17.0.2+8 (17.0.2+8, mixed mode, emulated-client, tiered, compressed oops, compressed class ptrs, g1 gc, windows-amd64)
# No core dump will be written. Minidumps are not enabled by default on client versions of Windows
#

---------------  S U M M A R Y ------------

Command Line: -Dcom.sun.management.jmxremote -Dcom.sun.management.jmxremote.port=49770 -Dcom.sun.management.jmxremote.authenticate=false -Dcom.sun.management.jmxremote.ssl=false -Djava.rmi.server.hostname=localhost -Dspring.jmx.enabled=true -Dspring.application.admin.enabled=true -XX:TieredStopAtLevel=1 -Dspring.boot.project.name=Profile-microservice -Dfile.encoding=Cp1252 -XX:+ShowCodeDetailsInExceptionMessages com.eshopping.profile.ProfileMicroserviceApplication --spring.output.ansi.enabled=always

Host: AMD Ryzen 5 3550H with Radeon Vega Mobile Gfx  , 8 cores, 5G,  Windows 11 , 64 bit Build 22000 (10.0.22000.708)
Time: Sun Sep 11 13:50:25 2022 India Standard Time elapsed time: 0.703107 seconds (0d 0h 0m 0s)

---------------  T H R E A D  ---------------

Current thread (0x00000233736270d0):  JavaThread "main" [_thread_in_vm, id=8492, stack(0x000000aff5600000,0x000000aff5700000)]

Stack: [0x000000aff5600000,0x000000aff5700000]
Native frames: (J=compiled Java code, j=interpreted, Vv=VM code, C=native code)
V  [jvm.dll+0x67564a]
V  [jvm.dll+0x82fc04]
V  [jvm.dll+0x8313ae]
V  [jvm.dll+0x831a13]
V  [jvm.dll+0x245235]
V  [jvm.dll+0x82bbab]
V  [jvm.dll+0x61a336]
V  [jvm.dll+0x61a39a]
V  [jvm.dll+0x61cbba]
V  [jvm.dll+0x61acd6]
V  [jvm.dll+0x23ac77]
V  [jvm.dll+0x1e5b13]
V  [jvm.dll+0x1ea8b6]
V  [jvm.dll+0x1e02c1]
V  [jvm.dll+0x53b6e0]
V  [jvm.dll+0x1f0ab7]
V  [jvm.dll+0x7aa1bb]
V  [jvm.dll+0x7ab562]
V  [jvm.dll+0x7ab898]
V  [jvm.dll+0x23d51e]
V  [jvm.dll+0x37e8ce]
C  0x00000233784a9a6e

Java frames: (J=compiled Java code, j=interpreted, Vv=VM code)
j  sun.management.jmxremote.LocalRMIServerSocketFactory.createServerSocket(I)Ljava/net/ServerSocket;+0 jdk.management.agent@17.0.2
j  sun.rmi.transport.tcp.TCPEndpoint.newServerSocket()Ljava/net/ServerSocket;+45 java.rmi@17.0.2
j  sun.rmi.transport.tcp.TCPTransport.listen()V+67 java.rmi@17.0.2
j  sun.rmi.transport.tcp.TCPTransport.exportObject(Lsun/rmi/transport/Target;)V+5 java.rmi@17.0.2
j  sun.rmi.transport.tcp.TCPEndpoint.exportObject(Lsun/rmi/transport/Target;)V+5 java.rmi@17.0.2
j  sun.rmi.transport.LiveRef.exportObject(Lsun/rmi/transport/Target;)V+5 java.rmi@17.0.2
j  sun.rmi.server.UnicastServerRef.exportObject(Ljava/rmi/Remote;Ljava/lang/Object;Z)Ljava/rmi/Remote;+78 java.rmi@17.0.2
j  sun.management.jmxremote.ConnectorBootstrap$PermanentExporter.exportObject(Ljava/rmi/Remote;ILjava/rmi/server/RMIClientSocketFactory;Ljava/rmi/server/RMIServerSocketFactory;Ljava/io/ObjectInputFilter;)Ljava/rmi/Remote;+82 jdk.management.agent@17.0.2
j  javax.management.remote.rmi.RMIJRMPServerImpl.export(Ljava/rmi/Remote;Ljava/io/ObjectInputFilter;)V+62 java.management.rmi@17.0.2
j  javax.management.remote.rmi.RMIJRMPServerImpl.export()V+6 java.management.rmi@17.0.2
j  javax.management.remote.rmi.RMIConnectorServer.start()V+257 java.management.rmi@17.0.2
j  sun.management.jmxremote.ConnectorBootstrap.startLocalConnectorServer()Ljavax/management/remote/JMXConnectorServer;+290 jdk.management.agent@17.0.2
j  jdk.internal.agent.Agent.startLocalManagementAgent()V+13 jdk.management.agent@17.0.2
j  jdk.internal.agent.Agent.startAgent(Ljava/util/Properties;)V+58 jdk.management.agent@17.0.2
j  jdk.internal.agent.Agent.startAgent()V+20 jdk.management.agent@17.0.2
v  ~StubRoutines::call_stub

---------------  P R O C E S S  ---------------

Threads class SMR info:
_java_thread_list=0x0000023303558720, length=14, elements={
0x00000233736270d0, 0x0000023302197d30, 0x0000023302199bd0, 0x00000233021fe440,
0x00000233021b04f0, 0x00000233021b0db0, 0x0000023302c0fb20, 0x00000233021b1720,
0x0000023302c2baa0, 0x0000023302138880, 0x0000023302138d50, 0x0000023302e6dc00,
0x00000233035fad00, 0x00000233035fb350
}

Java Threads: ( => current thread )
=>0x00000233736270d0 JavaThread "main" [_thread_in_vm, id=8492, stack(0x000000aff5600000,0x000000aff5700000)]
  0x0000023302197d30 JavaThread "Reference Handler" daemon [_thread_blocked, id=9656, stack(0x000000aff5d00000,0x000000aff5e00000)]
  0x0000023302199bd0 JavaThread "Finalizer" daemon [_thread_blocked, id=4912, stack(0x000000aff5e00000,0x000000aff5f00000)]
  0x00000233021fe440 JavaThread "Signal Dispatcher" daemon [_thread_blocked, id=11956, stack(0x000000aff5f00000,0x000000aff6000000)]
  0x00000233021b04f0 JavaThread "Attach Listener" daemon [_thread_blocked, id=3096, stack(0x000000aff6000000,0x000000aff6100000)]
  0x00000233021b0db0 JavaThread "Service Thread" daemon [_thread_blocked, id=17192, stack(0x000000aff6100000,0x000000aff6200000)]
  0x0000023302c0fb20 JavaThread "Monitor Deflation Thread" daemon [_thread_blocked, id=17940, stack(0x000000aff6200000,0x000000aff6300000)]
  0x00000233021b1720 JavaThread "C1 CompilerThread0" daemon [_thread_blocked, id=17920, stack(0x000000aff6300000,0x000000aff6400000)]
  0x0000023302c2baa0 JavaThread "Sweeper thread" daemon [_thread_blocked, id=2656, stack(0x000000aff6400000,0x000000aff6500000)]
  0x0000023302138880 JavaThread "Common-Cleaner" daemon [_thread_blocked, id=20692, stack(0x000000aff6500000,0x000000aff6600000)]
  0x0000023302138d50 JavaThread "C1 CompilerThread1" daemon [_thread_blocked, id=524, stack(0x000000aff6600000,0x000000aff6700000)]
  0x0000023302e6dc00 JavaThread "Notification Thread" daemon [_thread_blocked, id=19684, stack(0x000000aff6700000,0x000000aff6800000)]
  0x00000233035fad00 JavaThread "RMI TCP Accept-0" daemon [_thread_in_native, id=20300, stack(0x000000aff6800000,0x000000aff6900000)]
  0x00000233035fb350 JavaThread "RMI TCP Accept-49770" daemon [_thread_in_native, id=9844, stack(0x000000aff6900000,0x000000aff6a00000)]

Other Threads:
  0x00000233021927d0 VMThread "VM Thread" [stack: 0x000000aff5c00000,0x000000aff5d00000] [id=820]
  0x000002337365e6f0 GCTaskThread "GC Thread#0" [stack: 0x000000aff5700000,0x000000aff5800000] [id=9108]
  0x000002337366bd70 ConcurrentGCThread "G1 Main Marker" [stack: 0x000000aff5800000,0x000000aff5900000] [id=10792]
  0x000002337366c780 ConcurrentGCThread "G1 Conc#0" [stack: 0x000000aff5900000,0x000000aff5a00000] [id=4844]
  0x0000023302010090 ConcurrentGCThread "G1 Refine#0" [stack: 0x000000aff5a00000,0x000000aff5b00000] [id=4504]
  0x0000023302011ac0 ConcurrentGCThread "G1 Service" [stack: 0x000000aff5b00000,0x000000aff5c00000] [id=24000]

Threads with active compile tasks:

VM state: not at safepoint (normal execution)

VM Mutex/Monitor currently owned by a thread:  ([mutex/lock_event])
[0x00000233736201f0] Metaspace_lock - owner thread: 0x00000233736270d0

Heap address: 0x00000000a0e00000, size: 1522 MB, Compressed Oops mode: 32-bit

CDS archive(s) not mapped
Compressed class space mapped at: 0x0000000100000000-0x0000000140000000, reserved size: 1073741824
Narrow klass base: 0x0000000000000000, Narrow klass shift: 3, Narrow klass range: 0x140000000

GC Precious Log:
 CPUs: 8 total, 8 available
 Memory: 6082M
 Large Page Support: Disabled
 NUMA Support: Disabled
 Compressed Oops: Enabled (32-bit)
 Heap Region Size: 1M
 Heap Min Capacity: 8M
 Heap Initial Capacity: 96M
 Heap Max Capacity: 1522M
 Pre-touch: Disabled
 Parallel Workers: 8
 Concurrent Workers: 2
 Concurrent Refinement Workers: 8
 Periodic GC: Disabled

Heap:
 garbage-first heap   total 98304K, used 16384K [0x00000000a0e00000, 0x0000000100000000)
  region size 1024K, 16 young (16384K), 0 survivors (0K)
 Metaspace       used 12266K, committed 12416K, reserved 1064960K
  class space    used 1250K, committed 1344K, reserved 1048576K

Heap Regions: E=young(eden), S=young(survivor), O=old, HS=humongous(starts), HC=humongous(continues), CS=collection set, F=free, OA=open archive, CA=closed archive, TAMS=top-at-mark-start (previous, next)
|   0|0x00000000a0e00000, 0x00000000a0f00000, 0x00000000a0f00000|100%|HS|  |TAMS 0x00000000a0e00000, 0x00000000a0e00000| Complete 
|   1|0x00000000a0f00000, 0x00000000a1000000, 0x00000000a1000000|100%|HS|  |TAMS 0x00000000a0f00000, 0x00000000a0f00000| Complete 
|   2|0x00000000a1000000, 0x00000000a1000000, 0x00000000a1100000|  0%| F|  |TAMS 0x00000000a1000000, 0x00000000a1000000| Untracked 
|   3|0x00000000a1100000, 0x00000000a1100000, 0x00000000a1200000|  0%| F|  |TAMS 0x00000000a1100000, 0x00000000a1100000| Untracked 
|   4|0x00000000a1200000, 0x00000000a1200000, 0x00000000a1300000|  0%| F|  |TAMS 0x00000000a1200000, 0x00000000a1200000| Untracked 
|   5|0x00000000a1300000, 0x00000000a1300000, 0x00000000a1400000|  0%| F|  |TAMS 0x00000000a1300000, 0x00000000a1300000| Untracked 
|   6|0x00000000a1400000, 0x00000000a1400000, 0x00000000a1500000|  0%| F|  |TAMS 0x00000000a1400000, 0x00000000a1400000| Untracked 
|   7|0x00000000a1500000, 0x00000000a1500000, 0x00000000a1600000|  0%| F|  |TAMS 0x00000000a1500000, 0x00000000a1500000| Untracked 
|   8|0x00000000a1600000, 0x00000000a1600000, 0x00000000a1700000|  0%| F|  |TAMS 0x00000000a1600000, 0x00000000a1600000| Untracked 
|   9|0x00000000a1700000, 0x00000000a1700000, 0x00000000a1800000|  0%| F|  |TAMS 0x00000000a1700000, 0x00000000a1700000| Untracked 
|  10|0x00000000a1800000, 0x00000000a1800000, 0x00000000a1900000|  0%| F|  |TAMS 0x00000000a1800000, 0x00000000a1800000| Untracked 
|  11|0x00000000a1900000, 0x00000000a1900000, 0x00000000a1a00000|  0%| F|  |TAMS 0x00000000a1900000, 0x00000000a1900000| Untracked 
|  12|0x00000000a1a00000, 0x00000000a1a00000, 0x00000000a1b00000|  0%| F|  |TAMS 0x00000000a1a00000, 0x00000000a1a00000| Untracked 
|  13|0x00000000a1b00000, 0x00000000a1b00000, 0x00000000a1c00000|  0%| F|  |TAMS 0x00000000a1b00000, 0x00000000a1b00000| Untracked 
|  14|0x00000000a1c00000, 0x00000000a1c00000, 0x00000000a1d00000|  0%| F|  |TAMS 0x00000000a1c00000, 0x00000000a1c00000| Untracked 
|  15|0x00000000a1d00000, 0x00000000a1d00000, 0x00000000a1e00000|  0%| F|  |TAMS 0x00000000a1d00000, 0x00000000a1d00000| Untracked 
|  16|0x00000000a1e00000, 0x00000000a1e00000, 0x00000000a1f00000|  0%| F|  |TAMS 0x00000000a1e00000, 0x00000000a1e00000| Untracked 
|  17|0x00000000a1f00000, 0x00000000a1f00000, 0x00000000a2000000|  0%| F|  |TAMS 0x00000000a1f00000, 0x00000000a1f00000| Untracked 
|  18|0x00000000a2000000, 0x00000000a2000000, 0x00000000a2100000|  0%| F|  |TAMS 0x00000000a2000000, 0x00000000a2000000| Untracked 
|  19|0x00000000a2100000, 0x00000000a2100000, 0x00000000a2200000|  0%| F|  |TAMS 0x00000000a2100000, 0x00000000a2100000| Untracked 
|  20|0x00000000a2200000, 0x00000000a2200000, 0x00000000a2300000|  0%| F|  |TAMS 0x00000000a2200000, 0x00000000a2200000| Untracked 
|  21|0x00000000a2300000, 0x00000000a2300000, 0x00000000a2400000|  0%| F|  |TAMS 0x00000000a2300000, 0x00000000a2300000| Untracked 
|  22|0x00000000a2400000, 0x00000000a2400000, 0x00000000a2500000|  0%| F|  |TAMS 0x00000000a2400000, 0x00000000a2400000| Untracked 
|  23|0x00000000a2500000, 0x00000000a2500000, 0x00000000a2600000|  0%| F|  |TAMS 0x00000000a2500000, 0x00000000a2500000| Untracked 
|  24|0x00000000a2600000, 0x00000000a2600000, 0x00000000a2700000|  0%| F|  |TAMS 0x00000000a2600000, 0x00000000a2600000| Untracked 
|  25|0x00000000a2700000, 0x00000000a2700000, 0x00000000a2800000|  0%| F|  |TAMS 0x00000000a2700000, 0x00000000a2700000| Untracked 
|  26|0x00000000a2800000, 0x00000000a2800000, 0x00000000a2900000|  0%| F|  |TAMS 0x00000000a2800000, 0x00000000a2800000| Untracked 
|  27|0x00000000a2900000, 0x00000000a2900000, 0x00000000a2a00000|  0%| F|  |TAMS 0x00000000a2900000, 0x00000000a2900000| Untracked 
|  28|0x00000000a2a00000, 0x00000000a2a00000, 0x00000000a2b00000|  0%| F|  |TAMS 0x00000000a2a00000, 0x00000000a2a00000| Untracked 
|  29|0x00000000a2b00000, 0x00000000a2b00000, 0x00000000a2c00000|  0%| F|  |TAMS 0x00000000a2b00000, 0x00000000a2b00000| Untracked 
|  30|0x00000000a2c00000, 0x00000000a2c00000, 0x00000000a2d00000|  0%| F|  |TAMS 0x00000000a2c00000, 0x00000000a2c00000| Untracked 
|  31|0x00000000a2d00000, 0x00000000a2d00000, 0x00000000a2e00000|  0%| F|  |TAMS 0x00000000a2d00000, 0x00000000a2d00000| Untracked 
|  32|0x00000000a2e00000, 0x00000000a2e00000, 0x00000000a2f00000|  0%| F|  |TAMS 0x00000000a2e00000, 0x00000000a2e00000| Untracked 
|  33|0x00000000a2f00000, 0x00000000a2f00000, 0x00000000a3000000|  0%| F|  |TAMS 0x00000000a2f00000, 0x00000000a2f00000| Untracked 
|  34|0x00000000a3000000, 0x00000000a3000000, 0x00000000a3100000|  0%| F|  |TAMS 0x00000000a3000000, 0x00000000a3000000| Untracked 
|  35|0x00000000a3100000, 0x00000000a3100000, 0x00000000a3200000|  0%| F|  |TAMS 0x00000000a3100000, 0x00000000a3100000| Untracked 
|  36|0x00000000a3200000, 0x00000000a3200000, 0x00000000a3300000|  0%| F|  |TAMS 0x00000000a3200000, 0x00000000a3200000| Untracked 
|  37|0x00000000a3300000, 0x00000000a3300000, 0x00000000a3400000|  0%| F|  |TAMS 0x00000000a3300000, 0x00000000a3300000| Untracked 
|  38|0x00000000a3400000, 0x00000000a3400000, 0x00000000a3500000|  0%| F|  |TAMS 0x00000000a3400000, 0x00000000a3400000| Untracked 
|  39|0x00000000a3500000, 0x00000000a3500000, 0x00000000a3600000|  0%| F|  |TAMS 0x00000000a3500000, 0x00000000a3500000| Untracked 
|  40|0x00000000a3600000, 0x00000000a3600000, 0x00000000a3700000|  0%| F|  |TAMS 0x00000000a3600000, 0x00000000a3600000| Untracked 
|  41|0x00000000a3700000, 0x00000000a3700000, 0x00000000a3800000|  0%| F|  |TAMS 0x00000000a3700000, 0x00000000a3700000| Untracked 
|  42|0x00000000a3800000, 0x00000000a3800000, 0x00000000a3900000|  0%| F|  |TAMS 0x00000000a3800000, 0x00000000a3800000| Untracked 
|  43|0x00000000a3900000, 0x00000000a3900000, 0x00000000a3a00000|  0%| F|  |TAMS 0x00000000a3900000, 0x00000000a3900000| Untracked 
|  44|0x00000000a3a00000, 0x00000000a3a00000, 0x00000000a3b00000|  0%| F|  |TAMS 0x00000000a3a00000, 0x00000000a3a00000| Untracked 
|  45|0x00000000a3b00000, 0x00000000a3b00000, 0x00000000a3c00000|  0%| F|  |TAMS 0x00000000a3b00000, 0x00000000a3b00000| Untracked 
|  46|0x00000000a3c00000, 0x00000000a3c00000, 0x00000000a3d00000|  0%| F|  |TAMS 0x00000000a3c00000, 0x00000000a3c00000| Untracked 
|  47|0x00000000a3d00000, 0x00000000a3d00000, 0x00000000a3e00000|  0%| F|  |TAMS 0x00000000a3d00000, 0x00000000a3d00000| Untracked 
|  48|0x00000000a3e00000, 0x00000000a3e00000, 0x00000000a3f00000|  0%| F|  |TAMS 0x00000000a3e00000, 0x00000000a3e00000| Untracked 
|  49|0x00000000a3f00000, 0x00000000a3f00000, 0x00000000a4000000|  0%| F|  |TAMS 0x00000000a3f00000, 0x00000000a3f00000| Untracked 
|  50|0x00000000a4000000, 0x00000000a4000000, 0x00000000a4100000|  0%| F|  |TAMS 0x00000000a4000000, 0x00000000a4000000| Untracked 
|  51|0x00000000a4100000, 0x00000000a4100000, 0x00000000a4200000|  0%| F|  |TAMS 0x00000000a4100000, 0x00000000a4100000| Untracked 
|  52|0x00000000a4200000, 0x00000000a4200000, 0x00000000a4300000|  0%| F|  |TAMS 0x00000000a4200000, 0x00000000a4200000| Untracked 
|  53|0x00000000a4300000, 0x00000000a4300000, 0x00000000a4400000|  0%| F|  |TAMS 0x00000000a4300000, 0x00000000a4300000| Untracked 
|  54|0x00000000a4400000, 0x00000000a4400000, 0x00000000a4500000|  0%| F|  |TAMS 0x00000000a4400000, 0x00000000a4400000| Untracked 
|  55|0x00000000a4500000, 0x00000000a4500000, 0x00000000a4600000|  0%| F|  |TAMS 0x00000000a4500000, 0x00000000a4500000| Untracked 
|  56|0x00000000a4600000, 0x00000000a4600000, 0x00000000a4700000|  0%| F|  |TAMS 0x00000000a4600000, 0x00000000a4600000| Untracked 
|  57|0x00000000a4700000, 0x00000000a4700000, 0x00000000a4800000|  0%| F|  |TAMS 0x00000000a4700000, 0x00000000a4700000| Untracked 
|  58|0x00000000a4800000, 0x00000000a4800000, 0x00000000a4900000|  0%| F|  |TAMS 0x00000000a4800000, 0x00000000a4800000| Untracked 
|  59|0x00000000a4900000, 0x00000000a4900000, 0x00000000a4a00000|  0%| F|  |TAMS 0x00000000a4900000, 0x00000000a4900000| Untracked 
|  60|0x00000000a4a00000, 0x00000000a4a00000, 0x00000000a4b00000|  0%| F|  |TAMS 0x00000000a4a00000, 0x00000000a4a00000| Untracked 
|  61|0x00000000a4b00000, 0x00000000a4b00000, 0x00000000a4c00000|  0%| F|  |TAMS 0x00000000a4b00000, 0x00000000a4b00000| Untracked 
|  62|0x00000000a4c00000, 0x00000000a4c00000, 0x00000000a4d00000|  0%| F|  |TAMS 0x00000000a4c00000, 0x00000000a4c00000| Untracked 
|  63|0x00000000a4d00000, 0x00000000a4d00000, 0x00000000a4e00000|  0%| F|  |TAMS 0x00000000a4d00000, 0x00000000a4d00000| Untracked 
|  64|0x00000000a4e00000, 0x00000000a4e00000, 0x00000000a4f00000|  0%| F|  |TAMS 0x00000000a4e00000, 0x00000000a4e00000| Untracked 
|  65|0x00000000a4f00000, 0x00000000a4f00000, 0x00000000a5000000|  0%| F|  |TAMS 0x00000000a4f00000, 0x00000000a4f00000| Untracked 
|  66|0x00000000a5000000, 0x00000000a5000000, 0x00000000a5100000|  0%| F|  |TAMS 0x00000000a5000000, 0x00000000a5000000| Untracked 
|  67|0x00000000a5100000, 0x00000000a5100000, 0x00000000a5200000|  0%| F|  |TAMS 0x00000000a5100000, 0x00000000a5100000| Untracked 
|  68|0x00000000a5200000, 0x00000000a5200000, 0x00000000a5300000|  0%| F|  |TAMS 0x00000000a5200000, 0x00000000a5200000| Untracked 
|  69|0x00000000a5300000, 0x00000000a5300000, 0x00000000a5400000|  0%| F|  |TAMS 0x00000000a5300000, 0x00000000a5300000| Untracked 
|  70|0x00000000a5400000, 0x00000000a5400000, 0x00000000a5500000|  0%| F|  |TAMS 0x00000000a5400000, 0x00000000a5400000| Untracked 
|  71|0x00000000a5500000, 0x00000000a5500000, 0x00000000a5600000|  0%| F|  |TAMS 0x00000000a5500000, 0x00000000a5500000| Untracked 
|  72|0x00000000a5600000, 0x00000000a5600000, 0x00000000a5700000|  0%| F|  |TAMS 0x00000000a5600000, 0x00000000a5600000| Untracked 
|  73|0x00000000a5700000, 0x00000000a5700000, 0x00000000a5800000|  0%| F|  |TAMS 0x00000000a5700000, 0x00000000a5700000| Untracked 
|  74|0x00000000a5800000, 0x00000000a5800000, 0x00000000a5900000|  0%| F|  |TAMS 0x00000000a5800000, 0x00000000a5800000| Untracked 
|  75|0x00000000a5900000, 0x00000000a5900000, 0x00000000a5a00000|  0%| F|  |TAMS 0x00000000a5900000, 0x00000000a5900000| Untracked 
|  76|0x00000000a5a00000, 0x00000000a5a00000, 0x00000000a5b00000|  0%| F|  |TAMS 0x00000000a5a00000, 0x00000000a5a00000| Untracked 
|  77|0x00000000a5b00000, 0x00000000a5b00000, 0x00000000a5c00000|  0%| F|  |TAMS 0x00000000a5b00000, 0x00000000a5b00000| Untracked 
|  78|0x00000000a5c00000, 0x00000000a5c00000, 0x00000000a5d00000|  0%| F|  |TAMS 0x00000000a5c00000, 0x00000000a5c00000| Untracked 
|  79|0x00000000a5d00000, 0x00000000a5d00000, 0x00000000a5e00000|  0%| F|  |TAMS 0x00000000a5d00000, 0x00000000a5d00000| Untracked 
|  80|0x00000000a5e00000, 0x00000000a5eec0f8, 0x00000000a5f00000| 92%| E|  |TAMS 0x00000000a5e00000, 0x00000000a5e00000| Complete 
|  81|0x00000000a5f00000, 0x00000000a6000000, 0x00000000a6000000|100%| E|CS|TAMS 0x00000000a5f00000, 0x00000000a5f00000| Complete 
|  82|0x00000000a6000000, 0x00000000a6100000, 0x00000000a6100000|100%| E|CS|TAMS 0x00000000a6000000, 0x00000000a6000000| Complete 
|  83|0x00000000a6100000, 0x00000000a6200000, 0x00000000a6200000|100%| E|CS|TAMS 0x00000000a6100000, 0x00000000a6100000| Complete 
|  84|0x00000000a6200000, 0x00000000a6300000, 0x00000000a6300000|100%| E|CS|TAMS 0x00000000a6200000, 0x00000000a6200000| Complete 
|  85|0x00000000a6300000, 0x00000000a6400000, 0x00000000a6400000|100%| E|CS|TAMS 0x00000000a6300000, 0x00000000a6300000| Complete 
|  86|0x00000000a6400000, 0x00000000a6500000, 0x00000000a6500000|100%| E|CS|TAMS 0x00000000a6400000, 0x00000000a6400000| Complete 
|  87|0x00000000a6500000, 0x00000000a6600000, 0x00000000a6600000|100%| E|  |TAMS 0x00000000a6500000, 0x00000000a6500000| Complete 
|  88|0x00000000a6600000, 0x00000000a6700000, 0x00000000a6700000|100%| E|CS|TAMS 0x00000000a6600000, 0x00000000a6600000| Complete 
|  89|0x00000000a6700000, 0x00000000a6800000, 0x00000000a6800000|100%| E|CS|TAMS 0x00000000a6700000, 0x00000000a6700000| Complete 
|  90|0x00000000a6800000, 0x00000000a6900000, 0x00000000a6900000|100%| E|CS|TAMS 0x00000000a6800000, 0x00000000a6800000| Complete 
|  91|0x00000000a6900000, 0x00000000a6a00000, 0x00000000a6a00000|100%| E|CS|TAMS 0x00000000a6900000, 0x00000000a6900000| Complete 
|  92|0x00000000a6a00000, 0x00000000a6b00000, 0x00000000a6b00000|100%| E|CS|TAMS 0x00000000a6a00000, 0x00000000a6a00000| Complete 
|  93|0x00000000a6b00000, 0x00000000a6c00000, 0x00000000a6c00000|100%| E|CS|TAMS 0x00000000a6b00000, 0x00000000a6b00000| Complete 
|  94|0x00000000a6c00000, 0x00000000a6d00000, 0x00000000a6d00000|100%| E|CS|TAMS 0x00000000a6c00000, 0x00000000a6c00000| Complete 
|  95|0x00000000a6d00000, 0x00000000a6e00000, 0x00000000a6e00000|100%| E|CS|TAMS 0x00000000a6d00000, 0x00000000a6d00000| Complete 

Card table byte_map: [0x000002337c080000,0x000002337c380000] _byte_map_base: 0x000002337bb79000

Marking Bits (Prev, Next): (CMBitMap*) 0x000002337365ed00, (CMBitMap*) 0x000002337365ed40
 Prev Bits: [0x000002337c680000, 0x000002337de48000)
 Next Bits: [0x000002337de50000, 0x000002337f618000)

Polling page: 0x0000023378470000

Metaspace:

Usage:
  Non-class:     10.76 MB used.
      Class:      1.22 MB used.
       Both:     11.98 MB used.

Virtual space:
  Non-class space:       16.00 MB reserved,      10.81 MB ( 68%) committed,  2 nodes.
      Class space:        1.00 GB reserved,       1.31 MB ( <1%) committed,  1 nodes.
             Both:        1.02 GB reserved,      12.12 MB (  1%) committed. 

Chunk freelists:
   Non-Class:  985.00 KB
       Class:  2.73 MB
        Both:  3.70 MB

MaxMetaspaceSize: unlimited
CompressedClassSpaceSize: 1.00 GB
Initial GC threshold: 21.00 MB
Current GC threshold: 21.00 MB
CDS: off
MetaspaceReclaimPolicy: balanced
 - commit_granule_bytes: 65536.
 - commit_granule_words: 8192.
 - virtual_space_node_default_size: 1048576.
 - enlarge_chunks_in_place: 1.
 - new_chunks_are_fully_committed: 0.
 - uncommit_free_chunks: 1.
 - use_allocation_guard: 0.
 - handle_deallocations: 1.


Internal statistics:

num_allocs_failed_limit: 0.
num_arena_births: 94.
num_arena_deaths: 0.
num_vsnodes_births: 3.
num_vsnodes_deaths: 0.
num_space_committed: 194.
num_space_uncommitted: 0.
num_chunks_returned_to_freelist: 0.
num_chunks_taken_from_freelist: 148.
num_chunk_merges: 0.
num_chunk_splits: 80.
num_chunks_enlarged: 36.
num_purges: 0.
num_inconsistent_stats: 0.

CodeCache: size=49152Kb used=2996Kb max_used=2996Kb free=46155Kb
 bounds [0x0000023378490000, 0x0000023378780000, 0x000002337b490000]
 total_blobs=1388 nmethods=960 adapters=355
 compilation: enabled
              stopped_count=0, restarted_count=0
 full_count=0

Compilation events (20 events):
Event: 0.692 Thread 0x0000023302138d50 nmethod 949 0x0000023378776710 code [0x00000233787768e0, 0x0000023378776aa8]
Event: 0.693 Thread 0x00000233021b1720 nmethod 948 0x0000023378776c10 code [0x0000023378776e00, 0x0000023378777348]
Event: 0.694 Thread 0x00000233021b1720  950       1       java.util.ImmutableCollections$List12::size (16 bytes)
Event: 0.694 Thread 0x00000233021b1720 nmethod 950 0x0000023378777610 code [0x00000233787777a0, 0x0000023378777878]
Event: 0.694 Thread 0x0000023302138d50  951       1       java.lang.invoke.InvokerBytecodeGenerator::getInternalName (103 bytes)
Event: 0.694 Thread 0x0000023302138d50 nmethod 951 0x0000023378777910 code [0x0000023378777b00, 0x0000023378777e38]
Event: 0.695 Thread 0x0000023302138d50  952       1       jdk.internal.org.objectweb.asm.SymbolTable::addTypeInternal (85 bytes)
Event: 0.695 Thread 0x00000233021b1720  953   !   1       java.lang.invoke.MemberName::getFieldType (176 bytes)
Event: 0.695 Thread 0x0000023302138d50 nmethod 952 0x0000023378777f10 code [0x00000233787780e0, 0x0000023378778578]
Event: 0.695 Thread 0x0000023302138d50  954       1       jdk.internal.org.objectweb.asm.Type::<init> (26 bytes)
Event: 0.695 Thread 0x00000233021b1720 nmethod 953 0x0000023378778710 code [0x0000023378778960, 0x0000023378779158]
Event: 0.695 Thread 0x0000023302138d50 nmethod 954 0x0000023378779610 code [0x00000233787797a0, 0x00000233787798b8]
Event: 0.695 Thread 0x0000023302138d50  955       1       java.lang.invoke.LambdaFormBuffer::ownedCount (7 bytes)
Event: 0.695 Thread 0x00000233021b1720  956       1       java.lang.invoke.LambdaForm$Name::replaceNames (175 bytes)
Event: 0.695 Thread 0x0000023302138d50 nmethod 955 0x0000023378779910 code [0x0000023378779aa0, 0x0000023378779b78]
Event: 0.695 Thread 0x0000023302138d50  957       1       jdk.internal.org.objectweb.asm.Type::getReturnTypeOffset (64 bytes)
Event: 0.696 Thread 0x00000233021b1720 nmethod 956 0x000002337877a210 code [0x000002337877a400, 0x000002337877a918]
Event: 0.696 Thread 0x0000023302138d50 nmethod 957 0x000002337877ac10 code [0x000002337877ae20, 0x000002337877b3f8]
Event: 0.698 Thread 0x0000023302138d50  960  s!   1       jdk.internal.loader.URLClassPath::getLoader (194 bytes)
Event: 0.699 Thread 0x0000023302138d50 nmethod 960 0x000002337877b890 code [0x000002337877bb60, 0x000002337877c728]

GC Heap History (0 events):
No events

Deoptimization events (0 events):
No events

Classes unloaded (0 events):
No events

Classes redefined (0 events):
No events

Internal exceptions (11 events):
Event: 0.379 Thread 0x00000233736270d0 Exception <a 'java/lang/NoSuchMethodError'{0x00000000a634ed90}: 'java.lang.Object java.lang.invoke.DirectMethodHandle$Holder.invokeStaticInit(java.lang.Object)'> (0x00000000a634ed90) 
thrown [e:\jenkins\tmp\workspace\build\src\src\hotspot\share\interpreter\linkResolver.cpp, line 766]
Event: 0.402 Thread 0x00000233736270d0 Exception <a 'java/lang/NoSuchMethodError'{0x00000000a636aaf8}: 'int java.lang.invoke.DirectMethodHandle$Holder.invokeInterface(java.lang.Object, java.lang.Object)'> (0x00000000a636aaf8) 
thrown [e:\jenkins\tmp\workspace\build\src\src\hotspot\share\interpreter\linkResolver.cpp, line 766]
Event: 0.402 Thread 0x00000233736270d0 Exception <a 'java/lang/IncompatibleClassChangeError'{0x00000000a636e0f8}: Found class java.lang.Object, but interface was expected> (0x00000000a636e0f8) 
thrown [e:\jenkins\tmp\workspace\build\src\src\hotspot\share\interpreter\linkResolver.cpp, line 833]
Event: 0.403 Thread 0x00000233736270d0 Exception <a 'java/lang/NoSuchMethodError'{0x00000000a6373ca8}: 'void java.lang.invoke.DirectMethodHandle$Holder.invokeStatic(java.lang.Object, java.lang.Object)'> (0x00000000a6373ca8) 
thrown [e:\jenkins\tmp\workspace\build\src\src\hotspot\share\interpreter\linkResolver.cpp, line 766]
Event: 0.448 Thread 0x00000233736270d0 Exception <a 'java/lang/NoSuchMethodError'{0x00000000a6241bd8}: 'int java.lang.invoke.DirectMethodHandle$Holder.invokeSpecial(java.lang.Object, java.lang.Object, java.lang.Object)'> (0x00000000a6241bd8) 
thrown [e:\jenkins\tmp\workspace\build\src\src\hotspot\share\interpreter\linkResolver.cpp, line 766]
Event: 0.495 Thread 0x00000233736270d0 Exception <a 'java/lang/NoSuchMethodError'{0x00000000a614d2f8}: 'void java.lang.invoke.DirectMethodHandle$Holder.invokeStatic(java.lang.Object, java.lang.Object, java.lang.Object)'> (0x00000000a614d2f8) 
thrown [e:\jenkins\tmp\workspace\build\src\src\hotspot\share\interpreter\linkResolver.cpp, line 766]
Event: 0.530 Thread 0x00000233736270d0 Exception <a 'java/lang/NoSuchMethodError'{0x00000000a6197f48}: 'int java.lang.invoke.DirectMethodHandle$Holder.invokeSpecialIFC(java.lang.Object, java.lang.Object, java.lang.Object)'> (0x00000000a6197f48) 
thrown [e:\jenkins\tmp\workspace\build\src\src\hotspot\share\interpreter\linkResolver.cpp, line 766]
Event: 0.555 Thread 0x00000233736270d0 Exception <a 'java/lang/NoSuchMethodError'{0x00000000a600ddb8}: 'java.lang.Object java.lang.invoke.DirectMethodHandle$Holder.invokeStaticInit(java.lang.Object, int, int, int, int)'> (0x00000000a600ddb8) 
thrown [e:\jenkins\tmp\workspace\build\src\src\hotspot\share\interpreter\linkResolver.cpp, line 766]
Event: 0.638 Thread 0x00000233736270d0 Exception <a 'java/lang/NoSuchMethodError'{0x00000000a5f09438}: 'java.lang.Object java.lang.invoke.DirectMethodHandle$Holder.invokeStaticInit(java.lang.Object, java.lang.Object, int, int, int, int)'> (0x00000000a5f09438) 
thrown [e:\jenkins\tmp\workspace\build\src\src\hotspot\share\interpreter\linkResolver.cpp, line 766]
Event: 0.647 Thread 0x00000233736270d0 Exception <a 'java/lang/ClassNotFoundException'{0x00000000a5f24b88}: javax/management/remote/rmi/RMIServerImpl_Skel> (0x00000000a5f24b88) 
thrown [e:\jenkins\tmp\workspace\build\src\src\hotspot\share\classfile\systemDictionary.cpp, line 256]
Event: 0.691 Thread 0x00000233736270d0 Exception <a 'java/lang/ClassNotFoundException'{0x00000000a5e680d8}: jdk/internal/agent/resources/spi/agentProvider> (0x00000000a5e680d8) 
thrown [e:\jenkins\tmp\workspace\build\src\src\hotspot\share\classfile\systemDictionary.cpp, line 256]

VM Operations (12 events):
Event: 0.241 Executing VM operation: HandshakeAllThreads
Event: 0.241 Executing VM operation: HandshakeAllThreads done
Event: 0.406 Executing VM operation: HandshakeAllThreads
Event: 0.406 Executing VM operation: HandshakeAllThreads done
Event: 0.407 Executing VM operation: HandshakeAllThreads
Event: 0.407 Executing VM operation: HandshakeAllThreads done
Event: 0.510 Executing VM operation: HandshakeAllThreads
Event: 0.510 Executing VM operation: HandshakeAllThreads done
Event: 0.544 Executing VM operation: HandshakeAllThreads
Event: 0.544 Executing VM operation: HandshakeAllThreads done
Event: 0.647 Executing VM operation: HandshakeAllThreads
Event: 0.647 Executing VM operation: HandshakeAllThreads done

Events (20 events):
Event: 0.693 loading class java/text/MessageFormat done
Event: 0.693 loading class java/text/FieldPosition
Event: 0.693 loading class java/text/FieldPosition done
Event: 0.693 loading class java/text/MessageFormat$Field
Event: 0.693 loading class java/text/Format$Field
Event: 0.693 loading class java/text/AttributedCharacterIterator$Attribute
Event: 0.693 loading class java/text/AttributedCharacterIterator$Attribute done
Event: 0.693 loading class java/text/Format$Field done
Event: 0.693 loading class java/text/MessageFormat$Field done
Event: 0.693 loading class jdk/internal/agent/ConnectorAddressLink
Event: 0.694 loading class jdk/internal/agent/ConnectorAddressLink done
Event: 0.696 loading class sun/management/counter/Units
Event: 0.696 loading class sun/management/counter/Units done
Event: 0.696 loading class jdk/internal/agent/ConnectorAddressLink$PerfHandle
Event: 0.696 loading class jdk/internal/agent/ConnectorAddressLink$PerfHandle done
Event: 0.696 loading class jdk/internal/vm/VMSupport
Event: 0.696 loading class jdk/internal/vm/VMSupport done
Event: 0.697 loading class sun/management/jmxremote/LocalRMIServerSocketFactory
Event: 0.697 loading class sun/management/jmxremote/LocalRMIServerSocketFactory done
Event: 0.699 loading class sun/management/jmxremote/LocalRMIServerSocketFactory$1


Dynamic libraries:
0x00007ff77be10000 - 0x00007ff77be1e000 	C:\Users\jeeva\Downloads\sts-4.14.0.RELEASE\plugins\org.eclipse.justj.openjdk.hotspot.jre.full.win32.x86_64_17.0.2.v20220201-1208\jre\bin\javaw.exe
0x00007ff969040000 - 0x00007ff969249000 	C:\WINDOWS\SYSTEM32\ntdll.dll
0x00007ff9675d0000 - 0x00007ff96768d000 	C:\WINDOWS\System32\KERNEL32.DLL
0x00007ff966590000 - 0x00007ff96690d000 	C:\WINDOWS\System32\KERNELBASE.dll
0x00007ff966db0000 - 0x00007ff966ec1000 	C:\WINDOWS\System32\ucrtbase.dll
0x00007ff957ef0000 - 0x00007ff957f09000 	C:\Users\jeeva\Downloads\sts-4.14.0.RELEASE\plugins\org.eclipse.justj.openjdk.hotspot.jre.full.win32.x86_64_17.0.2.v20220201-1208\jre\bin\VCRUNTIME140.dll
0x00007ff957f20000 - 0x00007ff957f38000 	C:\Users\jeeva\Downloads\sts-4.14.0.RELEASE\plugins\org.eclipse.justj.openjdk.hotspot.jre.full.win32.x86_64_17.0.2.v20220201-1208\jre\bin\jli.dll
0x00007ff966f80000 - 0x00007ff96712d000 	C:\WINDOWS\System32\USER32.dll
0x00007ff956310000 - 0x00007ff9565b5000 	C:\WINDOWS\WinSxS\amd64_microsoft.windows.common-controls_6595b64144ccf1df_6.0.22000.120_none_9d947278b86cc467\COMCTL32.dll
0x00007ff966a30000 - 0x00007ff966a56000 	C:\WINDOWS\System32\win32u.dll
0x00007ff967870000 - 0x00007ff967913000 	C:\WINDOWS\System32\msvcrt.dll
0x00007ff967840000 - 0x00007ff967869000 	C:\WINDOWS\System32\GDI32.dll
0x00007ff966910000 - 0x00007ff966a28000 	C:\WINDOWS\System32\gdi32full.dll
0x00007ff966d10000 - 0x00007ff966dad000 	C:\WINDOWS\System32\msvcp_win.dll
0x00007ff967580000 - 0x00007ff9675b1000 	C:\WINDOWS\System32\IMM32.DLL
0x00007ff95f9f0000 - 0x00007ff95f9fc000 	C:\Users\jeeva\Downloads\sts-4.14.0.RELEASE\plugins\org.eclipse.justj.openjdk.hotspot.jre.full.win32.x86_64_17.0.2.v20220201-1208\jre\bin\vcruntime140_1.dll
0x00007ff9400d0000 - 0x00007ff940161000 	C:\Users\jeeva\Downloads\sts-4.14.0.RELEASE\plugins\org.eclipse.justj.openjdk.hotspot.jre.full.win32.x86_64_17.0.2.v20220201-1208\jre\bin\msvcp140.dll
0x00007ff9134f0000 - 0x00007ff914137000 	C:\Users\jeeva\Downloads\sts-4.14.0.RELEASE\plugins\org.eclipse.justj.openjdk.hotspot.jre.full.win32.x86_64_17.0.2.v20220201-1208\jre\bin\server\jvm.dll
0x00007ff9672d0000 - 0x00007ff96737e000 	C:\WINDOWS\System32\ADVAPI32.dll
0x00007ff968730000 - 0x00007ff9687ce000 	C:\WINDOWS\System32\sechost.dll
0x00007ff967700000 - 0x00007ff967820000 	C:\WINDOWS\System32\RPCRT4.dll
0x00007ff967570000 - 0x00007ff967578000 	C:\WINDOWS\System32\PSAPI.DLL
0x00007ff9445d0000 - 0x00007ff9445d9000 	C:\WINDOWS\SYSTEM32\WSOCK32.dll
0x00007ff95f8a0000 - 0x00007ff95f8d3000 	C:\WINDOWS\SYSTEM32\WINMM.dll
0x00007ff95daa0000 - 0x00007ff95daaa000 	C:\WINDOWS\SYSTEM32\VERSION.dll
0x00007ff968f90000 - 0x00007ff968fff000 	C:\WINDOWS\System32\WS2_32.dll
0x00007ff965650000 - 0x00007ff965668000 	C:\WINDOWS\SYSTEM32\kernel.appcore.dll
0x00007ff9610f0000 - 0x00007ff9610fa000 	C:\Users\jeeva\Downloads\sts-4.14.0.RELEASE\plugins\org.eclipse.justj.openjdk.hotspot.jre.full.win32.x86_64_17.0.2.v20220201-1208\jre\bin\jimage.dll
0x00007ff963d90000 - 0x00007ff963fb1000 	C:\WINDOWS\SYSTEM32\DBGHELP.DLL
0x00007ff953160000 - 0x00007ff953191000 	C:\WINDOWS\SYSTEM32\dbgcore.DLL
0x00007ff966a60000 - 0x00007ff966adf000 	C:\WINDOWS\System32\bcryptPrimitives.dll
0x00007ff957550000 - 0x00007ff957575000 	C:\Users\jeeva\Downloads\sts-4.14.0.RELEASE\plugins\org.eclipse.justj.openjdk.hotspot.jre.full.win32.x86_64_17.0.2.v20220201-1208\jre\bin\java.dll
0x00007ff941880000 - 0x00007ff941898000 	C:\Users\jeeva\Downloads\sts-4.14.0.RELEASE\plugins\org.eclipse.justj.openjdk.hotspot.jre.full.win32.x86_64_17.0.2.v20220201-1208\jre\bin\zip.dll
0x00007ff9687d0000 - 0x00007ff968f88000 	C:\WINDOWS\System32\SHELL32.dll
0x00007ff964650000 - 0x00007ff964eb8000 	C:\WINDOWS\SYSTEM32\windows.storage.dll
0x00007ff967920000 - 0x00007ff967c99000 	C:\WINDOWS\System32\combase.dll
0x00007ff9644e0000 - 0x00007ff964646000 	C:\WINDOWS\SYSTEM32\wintypes.dll
0x00007ff967f40000 - 0x00007ff96802a000 	C:\WINDOWS\System32\SHCORE.dll
0x00007ff967690000 - 0x00007ff9676ed000 	C:\WINDOWS\System32\shlwapi.dll
0x00007ff966450000 - 0x00007ff966471000 	C:\WINDOWS\SYSTEM32\profapi.dll
0x00007ff93fea0000 - 0x00007ff93feb9000 	C:\Users\jeeva\Downloads\sts-4.14.0.RELEASE\plugins\org.eclipse.justj.openjdk.hotspot.jre.full.win32.x86_64_17.0.2.v20220201-1208\jre\bin\net.dll
0x00007ff95e8f0000 - 0x00007ff95e9fc000 	C:\WINDOWS\SYSTEM32\WINHTTP.dll
0x00007ff965aa0000 - 0x00007ff965b07000 	C:\WINDOWS\system32\mswsock.dll
0x00007ff93f350000 - 0x00007ff93f365000 	C:\Users\jeeva\Downloads\sts-4.14.0.RELEASE\plugins\org.eclipse.justj.openjdk.hotspot.jre.full.win32.x86_64_17.0.2.v20220201-1208\jre\bin\nio.dll
0x00007ff960800000 - 0x00007ff960809000 	C:\Users\jeeva\Downloads\sts-4.14.0.RELEASE\plugins\org.eclipse.justj.openjdk.hotspot.jre.full.win32.x86_64_17.0.2.v20220201-1208\jre\bin\management.dll
0x00007ff95fa80000 - 0x00007ff95fa8b000 	C:\Users\jeeva\Downloads\sts-4.14.0.RELEASE\plugins\org.eclipse.justj.openjdk.hotspot.jre.full.win32.x86_64_17.0.2.v20220201-1208\jre\bin\management_ext.dll
0x00007ff945e80000 - 0x00007ff945e97000 	C:\WINDOWS\system32\napinsp.dll
0x00007ff945a80000 - 0x00007ff945a9b000 	C:\WINDOWS\system32\pnrpnsp.dll
0x00007ff965180000 - 0x00007ff965268000 	C:\WINDOWS\SYSTEM32\DNSAPI.dll
0x00007ff965110000 - 0x00007ff96513d000 	C:\WINDOWS\SYSTEM32\IPHLPAPI.DLL
0x00007ff9676f0000 - 0x00007ff9676f9000 	C:\WINDOWS\System32\NSI.dll
0x00007ff945a60000 - 0x00007ff945a72000 	C:\WINDOWS\System32\winrnr.dll
0x00007ff945a40000 - 0x00007ff945a55000 	C:\WINDOWS\system32\wshbth.dll
0x00007ff945a20000 - 0x00007ff945a3f000 	C:\WINDOWS\system32\nlansp_c.dll
0x00007ff95bc10000 - 0x00007ff95bc1a000 	C:\Windows\System32\rasadhlp.dll
0x00007ff95bc20000 - 0x00007ff95bca1000 	C:\WINDOWS\System32\fwpuclnt.dll
0x00007ff965d10000 - 0x00007ff965d28000 	C:\WINDOWS\SYSTEM32\CRYPTSP.dll
0x00007ff9655b0000 - 0x00007ff9655e5000 	C:\WINDOWS\system32\rsaenh.dll
0x00007ff965bb0000 - 0x00007ff965bd9000 	C:\WINDOWS\SYSTEM32\USERENV.dll
0x00007ff965f00000 - 0x00007ff965f27000 	C:\WINDOWS\SYSTEM32\bcrypt.dll
0x00007ff965d00000 - 0x00007ff965d0c000 	C:\WINDOWS\SYSTEM32\CRYPTBASE.dll
0x00007ff95ee90000 - 0x00007ff95eea9000 	C:\WINDOWS\SYSTEM32\dhcpcsvc6.DLL
0x00007ff95f610000 - 0x00007ff95f62e000 	C:\WINDOWS\SYSTEM32\dhcpcsvc.DLL

dbghelp: loaded successfully - version: 4.0.5 - missing functions: none
symbol engine: initialized successfully - sym options: 0x614 - pdb path: .;C:\Users\jeeva\Downloads\sts-4.14.0.RELEASE\plugins\org.eclipse.justj.openjdk.hotspot.jre.full.win32.x86_64_17.0.2.v20220201-1208\jre\bin;C:\WINDOWS\SYSTEM32;C:\WINDOWS\WinSxS\amd64_microsoft.windows.common-controls_6595b64144ccf1df_6.0.22000.120_none_9d947278b86cc467;C:\Users\jeeva\Downloads\sts-4.14.0.RELEASE\plugins\org.eclipse.justj.openjdk.hotspot.jre.full.win32.x86_64_17.0.2.v20220201-1208\jre\bin\server

VM Arguments:
jvm_args: -Dcom.sun.management.jmxremote -Dcom.sun.management.jmxremote.port=49770 -Dcom.sun.management.jmxremote.authenticate=false -Dcom.sun.management.jmxremote.ssl=false -Djava.rmi.server.hostname=localhost -Dspring.jmx.enabled=true -Dspring.application.admin.enabled=true -XX:TieredStopAtLevel=1 -Dspring.boot.project.name=Profile-microservice -Dfile.encoding=Cp1252 -XX:+ShowCodeDetailsInExceptionMessages 
java_command: com.eshopping.profile.ProfileMicroserviceApplication --spring.output.ansi.enabled=always
java_class_path (initial): C:\Users\jeeva\Downloads\Shopping Cart System\Profile-microservice\bin\main;C:\Users\jeeva\.gradle\caches\modules-2\files-2.1\org.projectlombok\lombok\1.18.24\13a394eed5c4f9efb2a6d956e2086f1d81e857d9\lombok-1.18.24.jar;C:\Users\jeeva\.gradle\caches\modules-2\files-2.1\org.springframework.boot\spring-boot-starter-data-jpa\2.7.3\23f7118584200cf9edd43140dc6252679047bee0\spring-boot-starter-data-jpa-2.7.3.jar;C:\Users\jeeva\.gradle\caches\modules-2\files-2.1\org.springframework.boot\spring-boot-starter-web\2.7.3\9e36c7517c4f872b69d0665e1dd46bd6d83c43b7\spring-boot-starter-web-2.7.3.jar;C:\Users\jeeva\.gradle\caches\modules-2\files-2.1\org.springframework.boot\spring-boot-starter-security\2.7.3\bcdd12a760d204281a64dccbd670810c494507e3\spring-boot-starter-security-2.7.3.jar;C:\Users\jeeva\.gradle\caches\modules-2\files-2.1\org.springframework.boot\spring-boot-starter-mail\2.7.3\1f2a185941e91936e3518abd6de9d8dbf6242b66\spring-boot-starter-mail-2.7.3.jar;C:\Users\jeeva\.gradle\caches\modules-2\files-2.1\org.springframework.cloud\spring-cloud-starter-config\3.1.3\6c6bbe007d6b950dce4aa7fd631a01f066dbccb\spring-cloud-starter-config-3.1.3.jar;C:\Users\jeeva\.gradle\caches\modules-2\files-2.1\org.springframework.boot\spring-boot-starter-amqp\2.7.3\fe502a96040c7553b1e3e9e88ac73fec219c192\spring-boot-starter-amqp-2.7.3.jar;C:\Users\jeeva\.gradle\caches\modules-2\files-2.1\io.springfox\springfox-swagger2\2.9.2\362676bc7f4c6f9f1d568741becab0dfc198c898\springfox-swagger2-2.9.2.jar;C:\Users\jeeva\.gradle\caches\modules-2\files-2.1\io.springfox\springfox-swagger-ui\2.9.2\d542382a88ff3ea8d4032c28b2b0325797fada7d\springfox-swagger-ui-2.9.2.jar;C:\Users\jeeva\.gradle\caches\modules-2\files-2.1\io.jsonwebtoken\jjwt\0.9.1\54d2abfc3e63a28824d35bf600d6a5d627da681a\jjwt-0.9.1.jar;C:\Users\jeeva\.gradle\caches\modules-2\files-2.1\javax.xml.bind\jaxb-api\2.3.1\8531ad5ac454cc2deb9d4d32c40c4d7451939b5d\jaxb-api-2.3.1.jar;C:\Users\jeeva\.gradle\caches\modules-2\files-2.
Launcher Type: SUN_STANDARD

[Global flags]
     intx CICompilerCount                          = 4                                         {product} {ergonomic}
     uint ConcGCThreads                            = 2                                         {product} {ergonomic}
     uint G1ConcRefinementThreads                  = 8                                         {product} {ergonomic}
   size_t G1HeapRegionSize                         = 1048576                                   {product} {ergonomic}
    uintx GCDrainStackTargetSize                   = 64                                        {product} {ergonomic}
   size_t InitialHeapSize                          = 100663296                                 {product} {ergonomic}
     bool ManagementServer                         = true                                      {product} {command line}
   size_t MarkStackSize                            = 4194304                                   {product} {ergonomic}
   size_t MaxHeapSize                              = 1595932672                                {product} {ergonomic}
   size_t MaxNewSize                               = 957349888                                 {product} {ergonomic}
   size_t MinHeapDeltaBytes                        = 1048576                                   {product} {ergonomic}
   size_t MinHeapSize                              = 8388608                                   {product} {ergonomic}
    uintx NonProfiledCodeHeapSize                  = 0                                      {pd product} {ergonomic}
     bool ProfileInterpreter                       = false                                  {pd product} {command line}
    uintx ProfiledCodeHeapSize                     = 0                                      {pd product} {ergonomic}
     bool ShowCodeDetailsInExceptionMessages       = true                                   {manageable} {command line}
   size_t SoftMaxHeapSize                          = 1595932672                             {manageable} {ergonomic}
     intx TieredStopAtLevel                        = 1                                         {product} {command line}
     bool UseCompressedClassPointers               = true                           {product lp64_product} {ergonomic}
     bool UseCompressedOops                        = true                           {product lp64_product} {ergonomic}
     bool UseG1GC                                  = true                                      {product} {ergonomic}
     bool UseLargePagesIndividualAllocation        = false                                  {pd product} {ergonomic}

Logging:
Log output configuration:
 #0: stdout all=warning uptime,level,tags
 #1: stderr all=off uptime,level,tags

Environment Variables:
JAVA_HOME=C:\Program Files\Java\jdk-11.0.13
PATH=C:/Users/jeeva/Downloads/sts-4.14.0.RELEASE//plugins/org.eclipse.justj.openjdk.hotspot.jre.full.win32.x86_64_17.0.2.v20220201-1208/jre/bin/server;C:/Users/jeeva/Downloads/sts-4.14.0.RELEASE//plugins/org.eclipse.justj.openjdk.hotspot.jre.full.win32.x86_64_17.0.2.v20220201-1208/jre/bin;C:\Program Files\Common Files\Oracle\Java\javapath;C:\Windows\system32;C:\Windows;C:\Windows\System32\Wbem;C:\Windows\System32\WindowsPowerShell\v1.0\;C:\Windows\System32\OpenSSH\;C:\Program Files (x86)\NVIDIA Corporation\PhysX\Common;C:\Program Files\NVIDIA Corporation\NVIDIA NvDLISR;C:\WINDOWS\system32;C:\WINDOWS;C:\WINDOWS\System32\Wbem;C:\WINDOWS\System32\WindowsPowerShell\v1.0\;C:\WINDOWS\System32\OpenSSH\;C:\Users\jeeva\AppData\Local\Programs\Python\Python39;C:\Users\jeeva\AppData\Local\Programs\Python\Python39\Scripts;C:\apache-maven-3.8.5-bin\apache-maven-3.8.5\bin;C:\Program Files\Docker\Docker\resources\bin;C:\ProgramData\DockerDesktop\version-bin;C:\Program Files\Git\cmd;C:\Program Files\MySQL\MySQL Shell 8.0\bin\;C:\Users\jeeva\AppData\Local\Microsoft\WindowsApps;;C:\Users\jeeva\Downloads\sts-4.14.0.RELEASE;
USERNAME=jeevan
OS=Windows_NT
PROCESSOR_IDENTIFIER=AMD64 Family 23 Model 24 Stepping 1, AuthenticAMD



---------------  S Y S T E M  ---------------

OS:
 Windows 11 , 64 bit Build 22000 (10.0.22000.708)
OS uptime: 17 days 18:24 hours
Hyper-V role detected

CPU: total 8 (initial active 8) (8 cores per cpu, 2 threads per core) family 23 model 24 stepping 1 microcode 0x0, cx8, cmov, fxsr, ht, mmx, 3dnowpref, sse, sse2, sse3, ssse3, sse4a, sse4.1, sse4.2, popcnt, lzcnt, tsc, tscinvbit, avx, avx2, aes, clmul, bmi1, bmi2, adx, sha, fma, vzeroupper, clflush, clflushopt, hv

Memory: 4k page, system-wide physical 6082M (241M free)
TotalPageFile size 24514M (AvailPageFile size 4M)
current process WorkingSet (physical memory assigned to process): 63M, peak: 63M
current process commit charge ("private bytes"): 181M, peak: 181M

vm_info: OpenJDK 64-Bit Server VM (17.0.2+8) for windows-amd64 JRE (17.0.2+8), built on Jan 20 2022 04:52:34 by "" with MS VC++ 16.7 (VS2019)

END.
